This is pdfTeX, Version 3.14159265-2.6-1.40.21 (MiKTeX 20.7) (preloaded format=pdflatex 2020.10.6)  8 OCT 2020 15:05
entering extended mode
**"./Plan de Riesgos.tex"
("Plan de Riesgos.tex"
LaTeX2e <2020-10-01>
L3 programming layer <2020-09-24> xparse <2020-03-03>
("C:\Program Files\MiKTeX\tex/latex/base\article.cls"
Document Class: article 2020/04/10 v1.4m Standard LaTeX document class
("C:\Program Files\MiKTeX\tex/latex/base\size10.clo"
File: size10.clo 2020/04/10 v1.4m Standard LaTeX file (size option)
)
\c@part=\count175
\c@section=\count176
\c@subsection=\count177
\c@subsubsection=\count178
\c@paragraph=\count179
\c@subparagraph=\count180
\c@figure=\count181
\c@table=\count182
\abovecaptionskip=\skip47
\belowcaptionskip=\skip48
\bibindent=\dimen138
)
("C:\Program Files\MiKTeX\tex/generic/babel\babel.sty"
Package: babel 2020/10/03 3.49 The Babel package

("C:\Program Files\MiKTeX\tex/generic/babel\babel.def"
File: babel.def 2020/10/03 3.49 Babel common definitions
\babel@savecnt=\count183
\U@D=\dimen139
\l@babelnohyphens=\language79

("C:\Program Files\MiKTeX\tex/generic/babel\txtbabel.def")
\bbl@readstream=\read2
)
\bbl@dirlevel=\count184

*************************************
* Local config file bblopts.cfg used
*
("C:\Program Files\MiKTeX\tex/latex/arabi\bblopts.cfg"
File: bblopts.cfg 2005/09/08 v0.1 add Arabic and Farsi to "declared" options of
 babel
)
Package babel Info: You haven't specified a language. I'll use 'nil'
(babel)             as the main language. Reported on input line 1152.

("C:\Program Files\MiKTeX\tex/generic/babel\nil.ldf"
Language: nil 2020/10/03 3.49 Nil language
\l@nil=\language80
))
("C:\Program Files\MiKTeX\tex/latex/base\fontenc.sty"
Package: fontenc 2020/08/10 v2.0s Standard LaTeX package
)
("C:\Program Files\MiKTeX\tex/latex/base\textcomp.sty"
Package: textcomp 2020/02/02 v2.0n Standard LaTeX package
)
("C:\Program Files\MiKTeX\tex/latex/base\inputenc.sty"
Package: inputenc 2020/08/01 v1.3d Input encoding file
\inpenc@prehook=\toks15
\inpenc@posthook=\toks16
)
("C:\Program Files\MiKTeX\tex/latex/tools\enumerate.sty"
Package: enumerate 2015/07/23 v3.00 enumerate extensions (DPC)
\@enLab=\toks17
)
("C:\Program Files\MiKTeX\tex/latex/l3backend\l3backend-pdftex.def"
File: l3backend-pdftex.def 2020-09-24 L3 backend support: PDF output (pdfTeX)
\l__kernel_color_stack_int=\count185
\l__pdf_internal_box=\box47
)
("Plan de Riesgos.aux")
\openout1 = `"Plan de Riesgos.aux"'.

LaTeX Font Info:    Checking defaults for OML/cmm/m/it on input line 13.
LaTeX Font Info:    ... okay on input line 13.
LaTeX Font Info:    Checking defaults for OMS/cmsy/m/n on input line 13.
LaTeX Font Info:    ... okay on input line 13.
LaTeX Font Info:    Checking defaults for OT1/cmr/m/n on input line 13.
LaTeX Font Info:    ... okay on input line 13.
LaTeX Font Info:    Checking defaults for T1/cmr/m/n on input line 13.
LaTeX Font Info:    ... okay on input line 13.
LaTeX Font Info:    Checking defaults for TS1/cmr/m/n on input line 13.
LaTeX Font Info:    ... okay on input line 13.
LaTeX Font Info:    Checking defaults for OMX/cmex/m/n on input line 13.
LaTeX Font Info:    ... okay on input line 13.
LaTeX Font Info:    Checking defaults for U/cmr/m/n on input line 13.
LaTeX Font Info:    ... okay on input line 13.
LaTeX Font Info:    External font `cmex10' loaded for size
(Font)              <12> on input line 14.
LaTeX Font Info:    External font `cmex10' loaded for size
(Font)              <8> on input line 14.
LaTeX Font Info:    External font `cmex10' loaded for size
(Font)              <6> on input line 14.


LaTeX Warning: No \author given.

LaTeX Font Info:    Trying to load font information for T1+cmss on input line 1
6.
("C:\Program Files\MiKTeX\tex/latex/base\t1cmss.fd"
File: t1cmss.fd 2019/12/16 v2.5j Standard LaTeX font definitions
)
Underfull \hbox (badness 10000) in paragraph at lines 16--17

 []


Underfull \hbox (badness 10000) in paragraph at lines 20--21

 []


Underfull \hbox (badness 10000) in paragraph at lines 24--25

 []


Underfull \hbox (badness 10000) in paragraph at lines 28--29

 []

LaTeX Font Info:    Trying to load font information for TS1+cmss on input line 
39.
("C:\Program Files\MiKTeX\tex/latex/base\ts1cmss.fd"
File: ts1cmss.fd 2019/12/16 v2.5j Standard LaTeX font definitions
)
Underfull \hbox (badness 10000) in paragraph at lines 39--40

 []


Underfull \hbox (badness 10000) in paragraph at lines 43--44

 []

[1

{C:/Users/pipee/AppData/Local/MiKTeX/pdftex/config/pdftex.map}]
Underfull \hbox (badness 10000) in paragraph at lines 52--56

 []


Underfull \hbox (badness 10000) in paragraph at lines 52--56

 []


Underfull \hbox (badness 10000) in paragraph at lines 52--56

 []


Underfull \hbox (badness 10000) in paragraph at lines 72--73

 []


Underfull \hbox (badness 10000) in paragraph at lines 72--73

 []


Underfull \hbox (badness 10000) in paragraph at lines 78--79

 []


Underfull \hbox (badness 10000) in paragraph at lines 78--79

 []

LaTeX Font Info:    External font `cmex10' loaded for size
(Font)              <7> on input line 80.
LaTeX Font Info:    External font `cmex10' loaded for size
(Font)              <5> on input line 80.

Underfull \hbox (badness 10000) in paragraph at lines 96--97

 []


Underfull \hbox (badness 10000) in paragraph at lines 96--97

 []


Underfull \hbox (badness 10000) in paragraph at lines 96--97

 []


Overfull \hbox (19.9942pt too wide) in paragraph at lines 96--97
\T1/cmss/m/n/10 Para el apartado de plan de riesgo tenemos contemplado varios e
scenarios y circunstancias
 []


Underfull \hbox (badness 10000) in paragraph at lines 96--97

 []


Overfull \hbox (36.58598pt too wide) in paragraph at lines 98--110
[][] 
 []

[2]
Underfull \hbox (badness 10000) in paragraph at lines 117--120

 []


Underfull \hbox (badness 10000) in paragraph at lines 117--120

 []


Underfull \hbox (badness 10000) in paragraph at lines 117--120

 []

[3]
Overfull \hbox (1.33823pt too wide) in paragraph at lines 176--177
[]\T1/cmr/m/n/10 Tener canales de comunicacion para que los integrantes puedan 
interactuar. 
 []

[4] ("Plan de Riesgos.aux") ) 
Here is how much of TeX's memory you used:
 1477 strings out of 480257
 21422 string characters out of 2891254
 307870 words of memory out of 3000000
 18043 multiletter control sequences out of 15000+200000
 544654 words of font info for 48 fonts, out of 3000000 for 9000
 1141 hyphenation exceptions out of 8191
 41i,6n,47p,522b,195s stack positions out of 5000i,500n,10000p,200000b,50000s
 <C:\Users\pipee\AppData\Local\MiKTeX\fonts/pk/ljf
our/jknappen/ec/dpi600\ecbx1000.pk> <C:\Users\pipee\AppData\Local\MiKTeX\fonts/
pk/ljfour/jknappen/ec/dpi600\tcss1000.pk> <C:\Users\pipee\AppData\Local\MiKTeX\
fonts/pk/ljfour/jknappen/ec/dpi600\ecss1000.pk> <C:\Users\pipee\AppData\Local\M
iKTeX\fonts/pk/ljfour/jknappen/ec/dpi600\ecrm1000.pk> <C:\Users\pipee\AppData\L
ocal\MiKTeX\fonts/pk/ljfour/jknappen/ec/dpi600\tcrm1000.pk> <C:\Users\pipee\App
Data\Local\MiKTeX\fonts/pk/ljfour/jknappen/ec/dpi600\ecss1440.pk> <C:\Users\pip
ee\AppData\Local\MiKTeX\fonts/pk/ljfour/jknappen/ec/dpi600\ecbx1200.pk> <C:\Use
rs\pipee\AppData\Local\MiKTeX\fonts/pk/ljfour/jknappen/ec/dpi600\ecbx1728.pk>
Output written on "Plan de Riesgos.pdf" (4 pages, 68192 bytes).
PDF statistics:
 227 PDF objects out of 1000 (max. 8388607)
 0 named destinations out of 1000 (max. 500000)
 1 words of extra memory for PDF output out of 10000 (max. 10000000)

